<?xml version="1.0" encoding="UTF-8"?>
<testsuite xmlns:xsi="http://www.w3.org/2001/XMLSchema-instance" xsi:noNamespaceSchemaLocation="https://maven.apache.org/surefire/maven-surefire-plugin/xsd/surefire-test-report.xsd" name="Login_Functionality_With_Right_Credentials" time="113.265" tests="4" errors="1" skipped="0" failures="0">
  <properties>
[...]
</properties>
  <testcase name="login_with_manager_credentials #1" classname="Login_Functionality_With_Right_Credentials" time="30.368"/>
  <testcase name="login_with_manager_credentials #2" classname="Login_Functionality_With_Right_Credentials" time="24.097"/>
  <testcase name="login_with_manager_credentials #3" classname="Login_Functionality_With_Right_Credentials" time="29.223"/>
  <testcase name="login_with_admin_credentials" classname="Login_Functionality_With_Right_Credentials" time="29.575">
    <error message="no such element: Unable to locate element: {&quot;method&quot;:&quot;xpath&quot;,&quot;selector&quot;:&quot;//span[contains(@class, &apos;username&apos;)]&quot;}&#10;  (Session info: chrome=95.0.4638.54)&#10;For documentation on this error, please visit: https://www.seleniumhq.org/exceptions/no_such_element.html&#10;Build info: version: &apos;3.141.59&apos;, revision: &apos;e82be7d358&apos;, time: &apos;2018-11-14T08:17:03&apos;&#10;System info: host: &apos;techproeds-iMac.local&apos;, ip: &apos;192.168.0.14&apos;, os.name: &apos;Mac OS X&apos;, os.arch: &apos;x86_64&apos;, os.version: &apos;12.0.1&apos;, java.version: &apos;17&apos;&#10;Driver info: org.openqa.selenium.chrome.ChromeDriver&#10;Capabilities {acceptInsecureCerts: false, browserName: chrome, browserVersion: 95.0.4638.54, chrome: {chromedriverVersion: 95.0.4638.54 (d31a821ec901f..., userDataDir: /var/folders/8v/_pmlnm4j4jx...}, goog:chromeOptions: {debuggerAddress: localhost:61591}, javascriptEnabled: true, networkConnectionEnabled: false, pageLoadStrategy: normal, platform: MAC, platformName: MAC, proxy: Proxy(), setWindowRect: true, strictFileInteractability: false, timeouts: {implicit: 0, pageLoad: 300000, script: 30000}, unhandledPromptBehavior: dismiss and notify, webauthn:extension:credBlob: true, webauthn:extension:largeBlob: true, webauthn:virtualAuthenticators: true}&#10;Session ID: 398d415f3e2435aeaab05a2fedab7a50&#10;*** Element info: {Using=xpath, value=//span[contains(@class, &apos;username&apos;)]}" type="org.openqa.selenium.NoSuchElementException">org.openqa.selenium.NoSuchElementException: 
no such element: Unable to locate element: {"method":"xpath","selector":"//span[contains(@class, 'username')]"}
  (Session info: chrome=95.0.4638.54)
For documentation on this error, please visit: https://www.seleniumhq.org/exceptions/no_such_element.html
Build info: version: '3.141.59', revision: 'e82be7d358', time: '2018-11-14T08:17:03'
System info: host: 'techproeds-iMac.local', ip: '192.168.0.14', os.name: 'Mac OS X', os.arch: 'x86_64', os.version: '12.0.1', java.version: '17'
Driver info: org.openqa.selenium.chrome.ChromeDriver
Capabilities {acceptInsecureCerts: false, browserName: chrome, browserVersion: 95.0.4638.54, chrome: {chromedriverVersion: 95.0.4638.54 (d31a821ec901f..., userDataDir: /var/folders/8v/_pmlnm4j4jx...}, goog:chromeOptions: {debuggerAddress: localhost:61591}, javascriptEnabled: true, networkConnectionEnabled: false, pageLoadStrategy: normal, platform: MAC, platformName: MAC, proxy: Proxy(), setWindowRect: true, strictFileInteractability: false, timeouts: {implicit: 0, pageLoad: 300000, script: 30000}, unhandledPromptBehavior: dismiss and notify, webauthn:extension:credBlob: true, webauthn:extension:largeBlob: true, webauthn:virtualAuthenticators: true}
Session ID: 398d415f3e2435aeaab05a2fedab7a50
*** Element info: {Using=xpath, value=//span[contains(@class, 'username')]}
</error>
  </testcase>
</testsuite>